[0.009s] Invoking command in '/home/michael/ws_minicar/build/minicar': CMAKE_PREFIX_PATH=${CMAKE_PREFIX_PATH}:/home/michael/ros2_ws/install/my_robot_controller:/opt/ros/humble /usr/bin/cmake --build /home/michael/ws_minicar/build/minicar -- -j8 -l8
[0.031s] -- Found ament_cmake: 1.3.12 (/opt/ros/humble/share/ament_cmake/cmake)
[0.126s] -- Found ament_lint_auto: 0.12.14 (/opt/ros/humble/share/ament_lint_auto/cmake)
[0.190s] -- Added test 'flake8' to check Python code syntax and style conventions
[0.190s] -- Added test 'lint_cmake' to check CMake code style
[0.190s] -- Added test 'pep257' to check Python code against some of the docstring style conventions in PEP 257
[0.192s] -- Added test 'xmllint' to check XML markup files
[0.194s] -- Configuring done
[0.199s] -- Generating done
[0.200s] -- Build files have been written to: /home/michael/ws_minicar/build/minicar
[0.221s] Invoked command in '/home/michael/ws_minicar/build/minicar' returned '0': CMAKE_PREFIX_PATH=${CMAKE_PREFIX_PATH}:/home/michael/ros2_ws/install/my_robot_controller:/opt/ros/humble /usr/bin/cmake --build /home/michael/ws_minicar/build/minicar -- -j8 -l8
[0.235s] Invoking command in '/home/michael/ws_minicar/build/minicar': CMAKE_PREFIX_PATH=${CMAKE_PREFIX_PATH}:/home/michael/ros2_ws/install/my_robot_controller:/opt/ros/humble /usr/bin/cmake --install /home/michael/ws_minicar/build/minicar
[0.243s] -- Install configuration: ""
[0.243s] -- Installing: /home/michael/ws_minicar/install/minicar/share/minicar/launch
[0.243s] -- Installing: /home/michael/ws_minicar/install/minicar/share/minicar/launch/.vscode
[0.243s] -- Installing: /home/michael/ws_minicar/install/minicar/share/minicar/launch/.vscode/c_cpp_properties.json
[0.243s] -- Installing: /home/michael/ws_minicar/install/minicar/share/minicar/launch/.vscode/settings.json
[0.243s] -- Installing: /home/michael/ws_minicar/install/minicar/share/minicar/launch/gazebo_model.launch.py
[0.243s] -- Installing: /home/michael/ws_minicar/install/minicar/share/minicar/model
[0.244s] -- Installing: /home/michael/ws_minicar/install/minicar/share/minicar/model/robot.xacro
[0.244s] -- Installing: /home/michael/ws_minicar/install/minicar/share/minicar/model/robot.gazebo
[0.244s] -- Installing: /home/michael/ws_minicar/install/minicar/share/ament_index/resource_index/package_run_dependencies/minicar
[0.244s] -- Up-to-date: /home/michael/ws_minicar/install/minicar/share/ament_index/resource_index/parent_prefix_path/minicar
[0.244s] -- Up-to-date: /home/michael/ws_minicar/install/minicar/share/minicar/environment/ament_prefix_path.sh
[0.244s] -- Installing: /home/michael/ws_minicar/install/minicar/share/minicar/environment/ament_prefix_path.dsv
[0.244s] -- Up-to-date: /home/michael/ws_minicar/install/minicar/share/minicar/environment/path.sh
[0.245s] -- Installing: /home/michael/ws_minicar/install/minicar/share/minicar/environment/path.dsv
[0.245s] -- Up-to-date: /home/michael/ws_minicar/install/minicar/share/minicar/local_setup.bash
[0.245s] -- Up-to-date: /home/michael/ws_minicar/install/minicar/share/minicar/local_setup.sh
[0.245s] -- Up-to-date: /home/michael/ws_minicar/install/minicar/share/minicar/local_setup.zsh
[0.245s] -- Installing: /home/michael/ws_minicar/install/minicar/share/minicar/local_setup.dsv
[0.245s] -- Installing: /home/michael/ws_minicar/install/minicar/share/minicar/package.dsv
[0.245s] -- Up-to-date: /home/michael/ws_minicar/install/minicar/share/ament_index/resource_index/packages/minicar
[0.245s] -- Up-to-date: /home/michael/ws_minicar/install/minicar/share/minicar/cmake/minicarConfig.cmake
[0.246s] -- Up-to-date: /home/michael/ws_minicar/install/minicar/share/minicar/cmake/minicarConfig-version.cmake
[0.246s] -- Installing: /home/michael/ws_minicar/install/minicar/share/minicar/package.xml
[0.247s] Invoked command in '/home/michael/ws_minicar/build/minicar' returned '0': CMAKE_PREFIX_PATH=${CMAKE_PREFIX_PATH}:/home/michael/ros2_ws/install/my_robot_controller:/opt/ros/humble /usr/bin/cmake --install /home/michael/ws_minicar/build/minicar
