[0.006s] Invoking command in '/home/michael/ws_minicar/build/minicar': CMAKE_PREFIX_PATH=${CMAKE_PREFIX_PATH}:/home/michael/ros2_ws/install/my_robot_controller:/opt/ros/humble /usr/bin/cmake /home/michael/ws_minicar/src/minicar -DCMAKE_INSTALL_PREFIX=/home/michael/ws_minicar/install/minicar
[0.181s] -- The C compiler identification is GNU 11.4.0
[0.296s] -- The CXX compiler identification is GNU 11.4.0
[0.305s] -- Detecting C compiler ABI info
[0.385s] -- Detecting C compiler ABI info - done
[0.391s] -- Check for working C compiler: /usr/bin/cc - skipped
[0.392s] -- Detecting C compile features
[0.393s] -- Detecting C compile features - done
[0.397s] -- Detecting CXX compiler ABI info
[0.461s] -- Detecting CXX compiler ABI info - done
[0.467s] -- Check for working CXX compiler: /usr/bin/c++ - skipped
[0.467s] -- Detecting CXX compile features
[0.467s] -- Detecting CXX compile features - done
[0.472s] -- Found ament_cmake: 1.3.12 (/opt/ros/humble/share/ament_cmake/cmake)
[0.591s] -- Found Python3: /usr/bin/python3 (found version "3.10.12") found components: Interpreter 
[0.685s] -- Found ament_lint_auto: 0.12.14 (/opt/ros/humble/share/ament_lint_auto/cmake)
[0.754s] -- Added test 'lint_cmake' to check CMake code style
[0.755s] -- Added test 'xmllint' to check XML markup files
[0.757s] -- Configuring done
[0.758s] -- Generating done
[0.759s] -- Build files have been written to: /home/michael/ws_minicar/build/minicar
[0.763s] Invoked command in '/home/michael/ws_minicar/build/minicar' returned '0': CMAKE_PREFIX_PATH=${CMAKE_PREFIX_PATH}:/home/michael/ros2_ws/install/my_robot_controller:/opt/ros/humble /usr/bin/cmake /home/michael/ws_minicar/src/minicar -DCMAKE_INSTALL_PREFIX=/home/michael/ws_minicar/install/minicar
[0.764s] Invoking command in '/home/michael/ws_minicar/build/minicar': CMAKE_PREFIX_PATH=${CMAKE_PREFIX_PATH}:/home/michael/ros2_ws/install/my_robot_controller:/opt/ros/humble /usr/bin/cmake --build /home/michael/ws_minicar/build/minicar -- -j8 -l8
[0.790s] Invoked command in '/home/michael/ws_minicar/build/minicar' returned '0': CMAKE_PREFIX_PATH=${CMAKE_PREFIX_PATH}:/home/michael/ros2_ws/install/my_robot_controller:/opt/ros/humble /usr/bin/cmake --build /home/michael/ws_minicar/build/minicar -- -j8 -l8
[0.797s] Invoking command in '/home/michael/ws_minicar/build/minicar': CMAKE_PREFIX_PATH=${CMAKE_PREFIX_PATH}:/home/michael/ros2_ws/install/my_robot_controller:/opt/ros/humble /usr/bin/cmake --install /home/michael/ws_minicar/build/minicar
[0.802s] -- Install configuration: ""
[0.803s] -- Installing: /home/michael/ws_minicar/install/minicar/share/ament_index/resource_index/package_run_dependencies/minicar
[0.803s] -- Installing: /home/michael/ws_minicar/install/minicar/share/ament_index/resource_index/parent_prefix_path/minicar
[0.803s] -- Installing: /home/michael/ws_minicar/install/minicar/share/minicar/environment/ament_prefix_path.sh
[0.803s] -- Installing: /home/michael/ws_minicar/install/minicar/share/minicar/environment/ament_prefix_path.dsv
[0.803s] -- Installing: /home/michael/ws_minicar/install/minicar/share/minicar/environment/path.sh
[0.803s] -- Installing: /home/michael/ws_minicar/install/minicar/share/minicar/environment/path.dsv
[0.803s] -- Installing: /home/michael/ws_minicar/install/minicar/share/minicar/local_setup.bash
[0.803s] -- Installing: /home/michael/ws_minicar/install/minicar/share/minicar/local_setup.sh
[0.803s] -- Installing: /home/michael/ws_minicar/install/minicar/share/minicar/local_setup.zsh
[0.803s] -- Installing: /home/michael/ws_minicar/install/minicar/share/minicar/local_setup.dsv
[0.803s] -- Installing: /home/michael/ws_minicar/install/minicar/share/minicar/package.dsv
[0.804s] -- Installing: /home/michael/ws_minicar/install/minicar/share/ament_index/resource_index/packages/minicar
[0.804s] -- Installing: /home/michael/ws_minicar/install/minicar/share/minicar/cmake/minicarConfig.cmake
[0.804s] -- Installing: /home/michael/ws_minicar/install/minicar/share/minicar/cmake/minicarConfig-version.cmake
[0.804s] -- Installing: /home/michael/ws_minicar/install/minicar/share/minicar/package.xml
[0.805s] Invoked command in '/home/michael/ws_minicar/build/minicar' returned '0': CMAKE_PREFIX_PATH=${CMAKE_PREFIX_PATH}:/home/michael/ros2_ws/install/my_robot_controller:/opt/ros/humble /usr/bin/cmake --install /home/michael/ws_minicar/build/minicar
