[0.113s] DEBUG:colcon:Command line arguments: ['/usr/bin/colcon', 'list', '-p', '--base-paths', '/home/michael/ws_minicar']
[0.113s] DEBUG:colcon:Parsed command line arguments: Namespace(log_base=None, log_level=None, verb_name='list', build_base='build', ignore_user_meta=False, metas=['./colcon.meta'], base_paths=['/home/michael/ws_minicar'], packages_ignore=None, packages_ignore_regex=None, paths=None, packages_up_to=None, packages_up_to_regex=None, packages_above=None, packages_above_and_dependencies=None, packages_above_depth=None, packages_select_by_dep=None, packages_skip_by_dep=None, packages_skip_up_to=None, packages_select_build_failed=False, packages_skip_build_finished=False, packages_select_test_failures=False, packages_skip_test_passed=False, packages_select=None, packages_skip=None, packages_select_regex=None, packages_skip_regex=None, packages_start=None, packages_end=None, allow_overriding=[], topological_order=False, names_only=False, paths_only=True, topological_graph=False, topological_graph_dot=False, topological_graph_density=False, topological_graph_legend=False, topological_graph_dot_cluster=False, topological_graph_dot_include_skipped=False, verb_parser=<colcon_defaults.argument_parser.defaults.DefaultArgumentsDecorator object at 0x7d1dd8968f70>, verb_extension=<colcon_package_information.verb.list.ListVerb object at 0x7d1dd8addc00>, main=<bound method ListVerb.main of <colcon_package_information.verb.list.ListVerb object at 0x7d1dd8addc00>>)
[0.329s] Level 1:colcon.colcon_core.package_discovery:discover_packages(colcon_meta) check parameters
[0.330s] Level 1:colcon.colcon_core.package_discovery:discover_packages(recursive) check parameters
[0.330s] Level 1:colcon.colcon_core.package_discovery:discover_packages(ignore) check parameters
[0.330s] Level 1:colcon.colcon_core.package_discovery:discover_packages(path) check parameters
[0.330s] Level 1:colcon.colcon_core.package_discovery:discover_packages(recursive) discover
[0.330s] INFO:colcon.colcon_core.package_discovery:Crawling recursively for packages in '/home/michael/ws_minicar'
[0.330s] Level 1:colcon.colcon_core.package_identification:_identify(/home/michael/ws_minicar) by extensions ['ignore', 'ignore_ament_install']
[0.330s] Level 1:colcon.colcon_core.package_identification:_identify(/home/michael/ws_minicar) by extension 'ignore'
[0.330s] Level 1:colcon.colcon_core.package_identification:_identify(/home/michael/ws_minicar) by extension 'ignore_ament_install'
[0.330s] Level 1:colcon.colcon_core.package_identification:_identify(/home/michael/ws_minicar) by extensions ['colcon_pkg']
[0.330s] Level 1:colcon.colcon_core.package_identification:_identify(/home/michael/ws_minicar) by extension 'colcon_pkg'
[0.330s] Level 1:colcon.colcon_core.package_identification:_identify(/home/michael/ws_minicar) by extensions ['colcon_meta']
[0.330s] Level 1:colcon.colcon_core.package_identification:_identify(/home/michael/ws_minicar) by extension 'colcon_meta'
[0.330s] Level 1:colcon.colcon_core.package_identification:_identify(/home/michael/ws_minicar) by extensions ['ros']
[0.330s] Level 1:colcon.colcon_core.package_identification:_identify(/home/michael/ws_minicar) by extension 'ros'
[0.345s] Level 1:colcon.colcon_core.package_identification:_identify(/home/michael/ws_minicar) by extensions ['cmake', 'python']
[0.346s] Level 1:colcon.colcon_core.package_identification:_identify(/home/michael/ws_minicar) by extension 'cmake'
[0.346s] Level 1:colcon.colcon_core.package_identification:_identify(/home/michael/ws_minicar) by extension 'python'
[0.346s] Level 1:colcon.colcon_core.package_identification:_identify(/home/michael/ws_minicar) by extensions ['python_setup_py']
[0.346s] Level 1:colcon.colcon_core.package_identification:_identify(/home/michael/ws_minicar) by extension 'python_setup_py'
[0.346s] Level 1:colcon.colcon_core.package_identification:_identify(/home/michael/ws_minicar/build) by extensions ['ignore', 'ignore_ament_install']
[0.346s] Level 1:colcon.colcon_core.package_identification:_identify(/home/michael/ws_minicar/build) by extension 'ignore'
[0.346s] Level 1:colcon.colcon_core.package_identification:_identify(/home/michael/ws_minicar/build) ignored
[0.346s] Level 1:colcon.colcon_core.package_identification:_identify(/home/michael/ws_minicar/install) by extensions ['ignore', 'ignore_ament_install']
[0.346s] Level 1:colcon.colcon_core.package_identification:_identify(/home/michael/ws_minicar/install) by extension 'ignore'
[0.346s] Level 1:colcon.colcon_core.package_identification:_identify(/home/michael/ws_minicar/install) ignored
[0.347s] Level 1:colcon.colcon_core.package_identification:_identify(/home/michael/ws_minicar/log) by extensions ['ignore', 'ignore_ament_install']
[0.347s] Level 1:colcon.colcon_core.package_identification:_identify(/home/michael/ws_minicar/log) by extension 'ignore'
[0.347s] Level 1:colcon.colcon_core.package_identification:_identify(/home/michael/ws_minicar/log) ignored
[0.347s] Level 1:colcon.colcon_core.package_identification:_identify(/home/michael/ws_minicar/src) by extensions ['ignore', 'ignore_ament_install']
[0.347s] Level 1:colcon.colcon_core.package_identification:_identify(/home/michael/ws_minicar/src) by extension 'ignore'
[0.347s] Level 1:colcon.colcon_core.package_identification:_identify(/home/michael/ws_minicar/src) by extension 'ignore_ament_install'
[0.347s] Level 1:colcon.colcon_core.package_identification:_identify(/home/michael/ws_minicar/src) by extensions ['colcon_pkg']
[0.347s] Level 1:colcon.colcon_core.package_identification:_identify(/home/michael/ws_minicar/src) by extension 'colcon_pkg'
[0.347s] Level 1:colcon.colcon_core.package_identification:_identify(/home/michael/ws_minicar/src) by extensions ['colcon_meta']
[0.347s] Level 1:colcon.colcon_core.package_identification:_identify(/home/michael/ws_minicar/src) by extension 'colcon_meta'
[0.347s] Level 1:colcon.colcon_core.package_identification:_identify(/home/michael/ws_minicar/src) by extensions ['ros']
[0.347s] Level 1:colcon.colcon_core.package_identification:_identify(/home/michael/ws_minicar/src) by extension 'ros'
[0.347s] Level 1:colcon.colcon_core.package_identification:_identify(/home/michael/ws_minicar/src) by extensions ['cmake', 'python']
[0.347s] Level 1:colcon.colcon_core.package_identification:_identify(/home/michael/ws_minicar/src) by extension 'cmake'
[0.347s] Level 1:colcon.colcon_core.package_identification:_identify(/home/michael/ws_minicar/src) by extension 'python'
[0.347s] Level 1:colcon.colcon_core.package_identification:_identify(/home/michael/ws_minicar/src) by extensions ['python_setup_py']
[0.347s] Level 1:colcon.colcon_core.package_identification:_identify(/home/michael/ws_minicar/src) by extension 'python_setup_py'
[0.348s] Level 1:colcon.colcon_core.package_identification:_identify(/home/michael/ws_minicar/src/minicar) by extensions ['ignore', 'ignore_ament_install']
[0.348s] Level 1:colcon.colcon_core.package_identification:_identify(/home/michael/ws_minicar/src/minicar) by extension 'ignore'
[0.348s] Level 1:colcon.colcon_core.package_identification:_identify(/home/michael/ws_minicar/src/minicar) by extension 'ignore_ament_install'
[0.348s] Level 1:colcon.colcon_core.package_identification:_identify(/home/michael/ws_minicar/src/minicar) by extensions ['colcon_pkg']
[0.348s] Level 1:colcon.colcon_core.package_identification:_identify(/home/michael/ws_minicar/src/minicar) by extension 'colcon_pkg'
[0.348s] Level 1:colcon.colcon_core.package_identification:_identify(/home/michael/ws_minicar/src/minicar) by extensions ['colcon_meta']
[0.348s] Level 1:colcon.colcon_core.package_identification:_identify(/home/michael/ws_minicar/src/minicar) by extension 'colcon_meta'
[0.348s] Level 1:colcon.colcon_core.package_identification:_identify(/home/michael/ws_minicar/src/minicar) by extensions ['ros']
[0.348s] Level 1:colcon.colcon_core.package_identification:_identify(/home/michael/ws_minicar/src/minicar) by extension 'ros'
[0.351s] DEBUG:colcon.colcon_core.package_identification:Package '/home/michael/ws_minicar/src/minicar' with type 'ros.ament_cmake' and name 'minicar'
[0.351s] Level 1:colcon.colcon_core.package_discovery:discover_packages(recursive) using defaults
