[0.008s] Invoking command in '/home/michael/ws_minicar/build/minicar': CMAKE_PREFIX_PATH=${CMAKE_PREFIX_PATH}:/home/michael/ros2_ws/install/my_robot_controller:/opt/ros/humble /usr/bin/cmake /home/michael/ws_minicar/src/minicar -DAMENT_CMAKE_SYMLINK_INSTALL=1 -DCMAKE_INSTALL_PREFIX=/home/michael/ws_minicar/install/minicar
[0.017s] -- Found ament_cmake: 1.3.12 (/opt/ros/humble/share/ament_cmake/cmake)
[0.107s] -- Override CMake install command with custom implementation using symlinks instead of copying resources
[0.114s] -- Found ament_lint_auto: 0.12.14 (/opt/ros/humble/share/ament_lint_auto/cmake)
[0.167s] -- Added test 'flake8' to check Python code syntax and style conventions
[0.168s] -- Added test 'lint_cmake' to check CMake code style
[0.168s] -- Added test 'pep257' to check Python code against some of the docstring style conventions in PEP 257
[0.169s] -- Added test 'xmllint' to check XML markup files
[0.169s] -- Configuring done
[0.171s] -- Generating done
[0.172s] -- Build files have been written to: /home/michael/ws_minicar/build/minicar
[0.174s] Invoked command in '/home/michael/ws_minicar/build/minicar' returned '0': CMAKE_PREFIX_PATH=${CMAKE_PREFIX_PATH}:/home/michael/ros2_ws/install/my_robot_controller:/opt/ros/humble /usr/bin/cmake /home/michael/ws_minicar/src/minicar -DAMENT_CMAKE_SYMLINK_INSTALL=1 -DCMAKE_INSTALL_PREFIX=/home/michael/ws_minicar/install/minicar
[0.176s] Invoking command in '/home/michael/ws_minicar/build/minicar': CMAKE_PREFIX_PATH=${CMAKE_PREFIX_PATH}:/home/michael/ros2_ws/install/my_robot_controller:/opt/ros/humble /usr/bin/cmake --build /home/michael/ws_minicar/build/minicar -- -j8 -l8
[0.209s] Invoked command in '/home/michael/ws_minicar/build/minicar' returned '0': CMAKE_PREFIX_PATH=${CMAKE_PREFIX_PATH}:/home/michael/ros2_ws/install/my_robot_controller:/opt/ros/humble /usr/bin/cmake --build /home/michael/ws_minicar/build/minicar -- -j8 -l8
[0.218s] Invoking command in '/home/michael/ws_minicar/build/minicar': CMAKE_PREFIX_PATH=${CMAKE_PREFIX_PATH}:/home/michael/ros2_ws/install/my_robot_controller:/opt/ros/humble /usr/bin/cmake --install /home/michael/ws_minicar/build/minicar
[0.228s] -- Install configuration: ""
[0.229s] -- Execute custom install script
[0.230s] -- Symlinking: /home/michael/ws_minicar/install/minicar/share/minicar/launch/.vscode/c_cpp_properties.json
[0.240s] -- Symlinking: /home/michael/ws_minicar/install/minicar/share/minicar/launch/.vscode/settings.json
[0.249s] -- Symlinking: /home/michael/ws_minicar/install/minicar/share/minicar/launch/gazebo_model.launch.py
[0.260s] -- Symlinking: /home/michael/ws_minicar/install/minicar/share/minicar/model/robot.gazebo
[0.267s] -- Symlinking: /home/michael/ws_minicar/install/minicar/share/minicar/model/robot.xacro
[0.273s] -- Symlinking: /home/michael/ws_minicar/install/minicar/share/ament_index/resource_index/package_run_dependencies/minicar
[0.280s] -- Symlinking: /home/michael/ws_minicar/install/minicar/share/ament_index/resource_index/parent_prefix_path/minicar
[0.286s] -- Symlinking: /home/michael/ws_minicar/install/minicar/share/minicar/environment/ament_prefix_path.sh
[0.293s] -- Symlinking: /home/michael/ws_minicar/install/minicar/share/minicar/environment/ament_prefix_path.dsv
[0.299s] -- Symlinking: /home/michael/ws_minicar/install/minicar/share/minicar/environment/path.sh
[0.306s] -- Symlinking: /home/michael/ws_minicar/install/minicar/share/minicar/environment/path.dsv
[0.312s] -- Symlinking: /home/michael/ws_minicar/install/minicar/share/minicar/local_setup.bash
[0.319s] -- Symlinking: /home/michael/ws_minicar/install/minicar/share/minicar/local_setup.sh
[0.325s] -- Symlinking: /home/michael/ws_minicar/install/minicar/share/minicar/local_setup.zsh
[0.331s] -- Symlinking: /home/michael/ws_minicar/install/minicar/share/minicar/local_setup.dsv
[0.338s] -- Symlinking: /home/michael/ws_minicar/install/minicar/share/minicar/package.dsv
[0.344s] -- Symlinking: /home/michael/ws_minicar/install/minicar/share/ament_index/resource_index/packages/minicar
[0.350s] -- Symlinking: /home/michael/ws_minicar/install/minicar/share/minicar/cmake/minicarConfig.cmake
[0.356s] -- Symlinking: /home/michael/ws_minicar/install/minicar/share/minicar/cmake/minicarConfig-version.cmake
[0.362s] -- Symlinking: /home/michael/ws_minicar/install/minicar/share/minicar/package.xml
[0.370s] Invoked command in '/home/michael/ws_minicar/build/minicar' returned '0': CMAKE_PREFIX_PATH=${CMAKE_PREFIX_PATH}:/home/michael/ros2_ws/install/my_robot_controller:/opt/ros/humble /usr/bin/cmake --install /home/michael/ws_minicar/build/minicar
